# JRE version: Java(TM) SE Runtime Environment (8.0_191-b12) (build 1.8.0_191-b12)
# Java VM: Java HotSpot(TM) 64-Bit Server VM (25.191-b12 mixed mode linux-amd64 compressed oops)
Heap:
 PSYoungGen      total 135168K, used 10220K [0x000000076f200000, 0x0000000778000000, 0x00000007c0000000)
  eden space 124928K, 0% used [0x000000076f200000,0x000000076f200000,0x0000000776c00000)
  from space 10240K, 99% used [0x0000000776c00000,0x00000007775fb3c0,0x0000000777600000)
  to   space 10240K, 0% used [0x0000000777600000,0x0000000777600000,0x0000000778000000)
 ParOldGen       total 166912K, used 4022K [0x00000006cd600000, 0x00000006d7900000, 0x000000076f200000)
  object space 166912K, 2% used [0x00000006cd600000,0x00000006cd9ed8a0,0x00000006d7900000)
 Metaspace       used 20713K, capacity 21166K, committed 21296K, reserved 1069056K
  class space    used 2511K, capacity 2649K, committed 2688K, reserved 1048576K
GC Heap History (5 events):
Event: 1.156 GC heap before
{Heap before GC invocations=1 (full 0):
 PSYoungGen      total 72704K, used 62464K [0x000000076f200000, 0x0000000774300000, 0x00000007c0000000)
  eden space 62464K, 100% used [0x000000076f200000,0x0000000772f00000,0x0000000772f00000)
  from space 10240K, 0% used [0x0000000773900000,0x0000000773900000,0x0000000774300000)
  to   space 10240K, 0% used [0x0000000772f00000,0x0000000772f00000,0x0000000773900000)
 ParOldGen       total 166912K, used 0K [0x00000006cd600000, 0x00000006d7900000, 0x000000076f200000)
  object space 166912K, 0% used [0x00000006cd600000,0x00000006cd600000,0x00000006d7900000)
 Metaspace       used 11070K, capacity 11306K, committed 11520K, reserved 1058816K
  class space    used 1361K, capacity 1447K, committed 1536K, reserved 1048576K
Event: 1.175 GC heap after
Heap after GC invocations=1 (full 0):
 PSYoungGen      total 72704K, used 9391K [0x000000076f200000, 0x0000000778000000, 0x00000007c0000000)
  eden space 62464K, 0% used [0x000000076f200000,0x000000076f200000,0x0000000772f00000)
  from space 10240K, 91% used [0x0000000772f00000,0x000000077382be80,0x0000000773900000)
  to   space 10240K, 0% used [0x0000000777600000,0x0000000777600000,0x0000000778000000)
 ParOldGen       total 166912K, used 16K [0x00000006cd600000, 0x00000006d7900000, 0x000000076f200000)
  object space 166912K, 0% used [0x00000006cd600000,0x00000006cd604000,0x00000006d7900000)
 Metaspace       used 11070K, capacity 11306K, committed 11520K, reserved 1058816K
  class space    used 1361K, capacity 1447K, committed 1536K, reserved 1048576K
}
Event: 3.724 GC heap before
{Heap before GC invocations=2 (full 0):
 PSYoungGen      total 72704K, used 71855K [0x000000076f200000, 0x0000000778000000, 0x00000007c0000000)
  eden space 62464K, 100% used [0x000000076f200000,0x0000000772f00000,0x0000000772f00000)
  from space 10240K, 91% used [0x0000000772f00000,0x000000077382be80,0x0000000773900000)
  to   space 10240K, 0% used [0x0000000777600000,0x0000000777600000,0x0000000778000000)
 ParOldGen       total 166912K, used 16K [0x00000006cd600000, 0x00000006d7900000, 0x000000076f200000)
  object space 166912K, 0% used [0x00000006cd600000,0x00000006cd604000,0x00000006d7900000)
 Metaspace       used 15926K, capacity 16362K, committed 16640K, reserved 1064960K
  class space    used 1928K, capacity 2025K, committed 2048K, reserved 1048576K
Event: 3.767 GC heap after
Heap after GC invocations=2 (full 0):
 PSYoungGen      total 135168K, used 9443K [0x000000076f200000, 0x0000000778000000, 0x00000007c0000000)
  eden space 124928K, 0% used [0x000000076f200000,0x000000076f200000,0x0000000776c00000)
  from space 10240K, 92% used [0x0000000777600000,0x0000000777f38c68,0x0000000778000000)
  to   space 10240K, 0% used [0x0000000776c00000,0x0000000776c00000,0x0000000777600000)
 ParOldGen       total 166912K, used 24K [0x00000006cd600000, 0x00000006d7900000, 0x000000076f200000)
  object space 166912K, 0% used [0x00000006cd600000,0x00000006cd606000,0x00000006d7900000)
 Metaspace       used 15926K, capacity 16362K, committed 16640K, reserved 1064960K
  class space    used 1928K, capacity 2025K, committed 2048K, reserved 1048576K
}
Event: 8.241 GC heap before
{Heap before GC invocations=3 (full 0):
 PSYoungGen      total 135168K, used 68680K [0x000000076f200000, 0x0000000778000000, 0x00000007c0000000)
  eden space 124928K, 47% used [0x000000076f200000,0x0000000772bd96b0,0x0000000776c00000)
  from space 10240K, 92% used [0x0000000777600000,0x0000000777f38c68,0x0000000778000000)
  to   space 10240K, 0% used [0x0000000776c00000,0x0000000776c00000,0x0000000777600000)
 ParOldGen       total 166912K, used 24K [0x00000006cd600000, 0x00000006d7900000, 0x000000076f200000)
  object space 166912K, 0% used [0x00000006cd600000,0x00000006cd606000,0x00000006d7900000)
 Metaspace       used 20713K, capacity 21166K, committed 21296K, reserved 1069056K
  class space    used 2511K, capacity 2649K, committed 2688K, reserved 1048576K

